Build started 30/03/2016 11:16:26.
     1>Project "D:\Anti-Ransomware\Application\DLL_Files_Change\DLL_Tutorial\DLL_Tutorial.vcxproj" on node 2 (build target(s)).
       Project file contains ToolsVersion="14.0". This toolset may be unknown or missing, in which case you may be able to resolve this by installing the appropriate version of MSBuild, or the build may have been forced to a particular ToolsVersion for policy reasons. Treating the project as if it had ToolsVersion="4.0". For more information, please see http://go.microsoft.com/fwlink/?LinkId=291333.
     1>InitializeBuildStatus:
         Creating "Debug\DLL_Files_Change.unsuccessfulbuild" because "AlwaysCreate" was specified.
       ClCompile:
         C:\Program Files\Microsoft Visual Studio 10.0\VC\bin\CL.exe /c /ZI /nologo /W3 /WX- /Od /Oy- /D WIN32 /D _DEBUG /D _WINDOWS /D _USRDLL /D DLL_TUTORIAL_EXPORTS /D _WINDLL /D _UNICODE /D UNICODE /Gm /EHsc /RTC1 /MDd /GS /fp:precise /Zc:wchar_t /Zc:forScope /Fo"Debug\\" /Fd"Debug\vc100.pdb" /Gd /TP /analyze- /errorReport:prompt DLL_Files_Change.cpp
         DLL_Files_Change.cpp
     1>d:\anti-ransomware\application\dll_files_change\dll_tutorial\dll_files_change.cpp(93): warning C4996: 'wcstombs': This function or variable may be unsafe. Consider using wcstombs_s instead. To disable deprecation, use _CRT_SECURE_NO_WARNINGS. See online help for details.
                 c:\program files\microsoft visual studio 10.0\vc\include\stdlib.h(533) : see declaration of 'wcstombs'
     1>d:\anti-ransomware\application\dll_files_change\dll_tutorial\dll_files_change.cpp(116): warning C4996: 'mbstowcs': This function or variable may be unsafe. Consider using mbstowcs_s instead. To disable deprecation, use _CRT_SECURE_NO_WARNINGS. See online help for details.
                 c:\program files\microsoft visual studio 10.0\vc\include\stdlib.h(498) : see declaration of 'mbstowcs'
       ManifestResourceCompile:
         C:\Program Files\Microsoft SDKs\Windows\v7.0A\bin\rc.exe /nologo /fo"Debug\DLL_Files_Change.dll.embed.manifest.res" Debug\DLL_Files_Change_manifest.rc 
       Link:
         C:\Program Files\Microsoft Visual Studio 10.0\VC\bin\link.exe /ERRORREPORT:PROMPT /OUT:"D:\Anti-Ransomware\Application\DLL_Files_Change\Debug\DLL_Files_Change.dll" /INCREMENTAL /NOLOGO kernel32.lib user32.lib gdi32.lib winspool.lib comdlg32.lib advapi32.lib shell32.lib ole32.lib oleaut32.lib uuid.lib odbc32.lib odbccp32.lib /MANIFEST /ManifestFile:"Debug\DLL_Files_Change.dll.intermediate.manifest" /MANIFESTUAC:"level='asInvoker' uiAccess='false'" /DEBUG /PDB:"D:\Anti-Ransomware\Application\DLL_Files_Change\Debug\DLL_Files_Change.pdb" /SUBSYSTEM:WINDOWS /TLBID:1 /DYNAMICBASE /NXCOMPAT /IMPLIB:"D:\Anti-Ransomware\Application\DLL_Files_Change\Debug\DLL_Files_Change.lib" /MACHINE:X86 /DLL Debug\DLL_Files_Change.dll.embed.manifest.res
         Debug\DLL_Files_Change.obj
            Creating library D:\Anti-Ransomware\Application\DLL_Files_Change\Debug\DLL_Files_Change.lib and object D:\Anti-Ransomware\Application\DLL_Files_Change\Debug\DLL_Files_Change.exp
       Manifest:
         C:\Program Files\Microsoft SDKs\Windows\v7.0A\bin\mt.exe /nologo /verbose /out:"Debug\DLL_Files_Change.dll.embed.manifest" /manifest Debug\DLL_Files_Change.dll.intermediate.manifest
         C:\Program Files\Microsoft SDKs\Windows\v7.0A\bin\rc.exe /nologo /fo"Debug\DLL_Files_Change.dll.embed.manifest.res" Debug\DLL_Files_Change_manifest.rc 
       LinkEmbedManifest:
         C:\Program Files\Microsoft Visual Studio 10.0\VC\bin\link.exe /ERRORREPORT:PROMPT /OUT:"D:\Anti-Ransomware\Application\DLL_Files_Change\Debug\DLL_Files_Change.dll" /INCREMENTAL /NOLOGO kernel32.lib user32.lib gdi32.lib winspool.lib comdlg32.lib advapi32.lib shell32.lib ole32.lib oleaut32.lib uuid.lib odbc32.lib odbccp32.lib /MANIFEST /ManifestFile:"Debug\DLL_Files_Change.dll.intermediate.manifest" /MANIFESTUAC:"level='asInvoker' uiAccess='false'" /DEBUG /PDB:"D:\Anti-Ransomware\Application\DLL_Files_Change\Debug\DLL_Files_Change.pdb" /SUBSYSTEM:WINDOWS /TLBID:1 /DYNAMICBASE /NXCOMPAT /IMPLIB:"D:\Anti-Ransomware\Application\DLL_Files_Change\Debug\DLL_Files_Change.lib" /MACHINE:X86 /DLL Debug\DLL_Files_Change.dll.embed.manifest.res
         Debug\DLL_Files_Change.obj
            Creating library D:\Anti-Ransomware\Application\DLL_Files_Change\Debug\DLL_Files_Change.lib and object D:\Anti-Ransomware\Application\DLL_Files_Change\Debug\DLL_Files_Change.exp
         DLL_Tutorial.vcxproj -> D:\Anti-Ransomware\Application\DLL_Files_Change\Debug\DLL_Files_Change.dll
       FinalizeBuildStatus:
         Deleting file "Debug\DLL_Files_Change.unsuccessfulbuild".
         Touching "Debug\DLL_Files_Change.lastbuildstate".
     1>Done Building Project "D:\Anti-Ransomware\Application\DLL_Files_Change\DLL_Tutorial\DLL_Tutorial.vcxproj" (build target(s)).

Build succeeded.

Time Elapsed 00:00:04.16
