..\bin\win64\debug\OpenFileFinder.ilk
..\bin\win64\debug\OpenFileFinder.pdb
C:\USERS\34V7\ANTI-RANSOMWARE\OPENFILEFIND\OPENFILEFINDER\BIN\WIN64\DEBUG\OPENFILEFINDER.DLL
C:\USERS\34V7\ANTI-RANSOMWARE\OPENFILEFIND\OPENFILEFINDER\BIN\WIN64\DEBUG\OPENFILEFINDER.ILK
C:\USERS\34V7\ANTI-RANSOMWARE\OPENFILEFIND\OPENFILEFINDER\BIN\WIN64\DEBUG\OPENFILEFINDER.PDB
C:\Users\34v7\Anti-Ransomware\OpenFileFind\OpenFileFinder\lib\win32\debug\OpenFileFinder.exp
C:\Users\34v7\Anti-Ransomware\OpenFileFind\OpenFileFinder\lib\win32\debug\OpenFileFinder.lib
C:\Users\34v7\Anti-Ransomware\OpenFileFind\OpenFileFinder\OpenFileFinder\..\bin\win64\debug\OpenFileFinder.dll
C:\Users\34v7\Anti-Ransomware\OpenFileFind\OpenFileFinder\OpenFileFinder\Debug\cl.command.1.tlog
C:\Users\34v7\Anti-Ransomware\OpenFileFind\OpenFileFinder\OpenFileFinder\Debug\CL.read.1.tlog
C:\Users\34v7\Anti-Ransomware\OpenFileFind\OpenFileFinder\OpenFileFinder\Debug\CL.write.1.tlog
C:\USERS\34V7\ANTI-RANSOMWARE\OPENFILEFIND\OPENFILEFINDER\OPENFILEFINDER\DEBUG\INTERFACECLS.OBJ
C:\Users\34v7\Anti-Ransomware\OpenFileFind\OpenFileFinder\OpenFileFinder\Debug\link.4904.read.1.tlog
C:\Users\34v7\Anti-Ransomware\OpenFileFind\OpenFileFinder\OpenFileFinder\Debug\link.4904.write.1.tlog
C:\Users\34v7\Anti-Ransomware\OpenFileFind\OpenFileFinder\OpenFileFinder\Debug\link.4904-cvtres.read.1.tlog
C:\Users\34v7\Anti-Ransomware\OpenFileFind\OpenFileFinder\OpenFileFinder\Debug\link.4904-cvtres.write.1.tlog
C:\Users\34v7\Anti-Ransomware\OpenFileFind\OpenFileFinder\OpenFileFinder\Debug\link.command.1.tlog
C:\Users\34v7\Anti-Ransomware\OpenFileFind\OpenFileFinder\OpenFileFinder\Debug\link.read.1.tlog
C:\Users\34v7\Anti-Ransomware\OpenFileFind\OpenFileFinder\OpenFileFinder\Debug\link.write.1.tlog
C:\Users\34v7\Anti-Ransomware\OpenFileFind\OpenFileFinder\OpenFileFinder\Debug\link-cvtres.read.1.tlog
C:\Users\34v7\Anti-Ransomware\OpenFileFind\OpenFileFinder\OpenFileFinder\Debug\link-cvtres.write.1.tlog
C:\USERS\34V7\ANTI-RANSOMWARE\OPENFILEFIND\OPENFILEFINDER\OPENFILEFINDER\DEBUG\MAIN.OBJ
C:\Users\34v7\Anti-Ransomware\OpenFileFind\OpenFileFinder\OpenFileFinder\Debug\midl.command.1.tlog
C:\Users\34v7\Anti-Ransomware\OpenFileFind\OpenFileFinder\OpenFileFinder\Debug\midl.read.1.tlog
C:\Users\34v7\Anti-Ransomware\OpenFileFind\OpenFileFinder\OpenFileFinder\Debug\midl.write.1.tlog
C:\Users\34v7\Anti-Ransomware\OpenFileFind\OpenFileFinder\OpenFileFinder\Debug\midl-midlc.read.1.tlog
C:\Users\34v7\Anti-Ransomware\OpenFileFind\OpenFileFinder\OpenFileFinder\Debug\midl-midlc.write.1.tlog
C:\Users\34v7\Anti-Ransomware\OpenFileFind\OpenFileFinder\OpenFileFinder\Debug\midl-midlc-cl.read.1.tlog
C:\Users\34v7\Anti-Ransomware\OpenFileFind\OpenFileFinder\OpenFileFinder\Debug\mt.command.1.tlog
C:\Users\34v7\Anti-Ransomware\OpenFileFind\OpenFileFinder\OpenFileFinder\Debug\mt.read.1.tlog
C:\Users\34v7\Anti-Ransomware\OpenFileFind\OpenFileFinder\OpenFileFinder\Debug\mt.write.1.tlog
C:\USERS\34V7\ANTI-RANSOMWARE\OPENFILEFIND\OPENFILEFINDER\OPENFILEFINDER\DEBUG\OPENEDFILES.OBJ
C:\USERS\34V7\ANTI-RANSOMWARE\OPENFILEFIND\OPENFILEFINDER\OPENFILEFINDER\DEBUG\OPENFILEFINDER.DLL.EMBED.MANIFEST
C:\USERS\34V7\ANTI-RANSOMWARE\OPENFILEFIND\OPENFILEFINDER\OPENFILEFINDER\DEBUG\OPENFILEFINDER.DLL.EMBED.MANIFEST.RES
C:\USERS\34V7\ANTI-RANSOMWARE\OPENFILEFIND\OPENFILEFINDER\OPENFILEFINDER\DEBUG\OPENFILEFINDER.DLL.INTERMEDIATE.MANIFEST
C:\USERS\34V7\ANTI-RANSOMWARE\OPENFILEFIND\OPENFILEFINDER\OPENFILEFINDER\DEBUG\OPENFILEFINDER.OBJ
C:\USERS\34V7\ANTI-RANSOMWARE\OPENFILEFIND\OPENFILEFINDER\OPENFILEFINDER\DEBUG\OPENFILEFINDER.PCH
C:\USERS\34V7\ANTI-RANSOMWARE\OPENFILEFIND\OPENFILEFINDER\OPENFILEFINDER\DEBUG\OPENFILEFINDER.TLB
C:\Users\34v7\Anti-Ransomware\OpenFileFind\OpenFileFinder\OpenFileFinder\Debug\OpenFileFinder.write.1.tlog
C:\USERS\34V7\ANTI-RANSOMWARE\OPENFILEFIND\OPENFILEFINDER\OPENFILEFINDER\DEBUG\OPENFILEFINDER_I.OBJ
C:\Users\34v7\Anti-Ransomware\OpenFileFind\OpenFileFinder\OpenFileFinder\Debug\OpenFileFinder_manifest.rc
C:\Users\34v7\Anti-Ransomware\OpenFileFind\OpenFileFinder\OpenFileFinder\Debug\rc.command.1.tlog
C:\Users\34v7\Anti-Ransomware\OpenFileFind\OpenFileFinder\OpenFileFinder\Debug\rc.read.1.tlog
C:\Users\34v7\Anti-Ransomware\OpenFileFind\OpenFileFinder\OpenFileFinder\Debug\rc.write.1.tlog
C:\USERS\34V7\ANTI-RANSOMWARE\OPENFILEFIND\OPENFILEFINDER\OPENFILEFINDER\DEBUG\STDAFX.OBJ
C:\USERS\34V7\ANTI-RANSOMWARE\OPENFILEFIND\OPENFILEFINDER\OPENFILEFINDER\DEBUG\UTILS.OBJ
C:\Users\34v7\Anti-Ransomware\OpenFileFind\OpenFileFinder\OpenFileFinder\Debug\vc100.idb
C:\USERS\34V7\ANTI-RANSOMWARE\OPENFILEFIND\OPENFILEFINDER\OPENFILEFINDER\DEBUG\VC100.PDB
C:\USERS\34V7\ANTI-RANSOMWARE\OPENFILEFIND\OPENFILEFINDER\OPENFILEFINDER\OPENFILEFINDER.H
C:\USERS\34V7\ANTI-RANSOMWARE\OPENFILEFIND\OPENFILEFINDER\OPENFILEFINDER\OPENFILEFINDER_I.C
C:\USERS\34V7\ANTI-RANSOMWARE\OPENFILEFIND\OPENFILEFINDER\OPENFILEFINDER\OPENFILEFINDER_P.C
