Build started 06/03/2016 10:21:53.
     1>Project "C:\Users\34v7\Anti-Ransomware\OpenFileFind\OpenFileFinder\OpenFileFinder\OpenFileFinder.vcxproj" on node 2 (rebuild target(s)).
     1>_PrepareForClean:
         Deleting file "Debug\OpenFileFinder.lastbuildstate".
       InitializeBuildStatus:
         Creating "Debug\OpenFileFinder.unsuccessfulbuild" because "AlwaysCreate" was specified.
       Midl:
         C:\Program Files\Microsoft SDKs\Windows\v7.0A\bin\midl.exe /D _DEBUG /W1 /nologo /char signed /env win32 /Oicf /h "OpenFileFinder.h" /iid "OpenFileFinder_i.c" /proxy "OpenFileFinder_p.c" /tlb "Debug\OpenFileFinder.tlb" /no_robust OpenFileFinder.idl 
         Processing .\OpenFileFinder.idl
         OpenFileFinder.idl
         Processing C:\Program Files\Microsoft SDKs\Windows\v7.0A\include\oaidl.idl
         oaidl.idl
         Processing C:\Program Files\Microsoft SDKs\Windows\v7.0A\include\objidl.idl
         objidl.idl
         Processing C:\Program Files\Microsoft SDKs\Windows\v7.0A\include\unknwn.idl
         unknwn.idl
         Processing C:\Program Files\Microsoft SDKs\Windows\v7.0A\include\wtypes.idl
         wtypes.idl
         Processing C:\Program Files\Microsoft SDKs\Windows\v7.0A\include\basetsd.h
         basetsd.h
         Processing C:\Program Files\Microsoft SDKs\Windows\v7.0A\include\guiddef.h
         guiddef.h
         Processing C:\Program Files\Microsoft SDKs\Windows\v7.0A\include\ocidl.idl
         ocidl.idl
         Processing C:\Program Files\Microsoft SDKs\Windows\v7.0A\include\oleidl.idl
         oleidl.idl
         Processing C:\Program Files\Microsoft SDKs\Windows\v7.0A\include\servprov.idl
         servprov.idl
         Processing C:\Program Files\Microsoft SDKs\Windows\v7.0A\include\urlmon.idl
         urlmon.idl
         Processing C:\Program Files\Microsoft SDKs\Windows\v7.0A\include\msxml.idl
         msxml.idl
         Processing C:\Program Files\Microsoft SDKs\Windows\v7.0A\include\oaidl.acf
         oaidl.acf
         Processing C:\Program Files\Microsoft SDKs\Windows\v7.0A\include\ocidl.acf
         ocidl.acf
       ClCompile:
         C:\Program Files\Microsoft Visual Studio 10.0\VC\bin\CL.exe /c /ZI /nologo /W3 /WX- /Od /Oy- /D WIN32 /D _WINDOWS /D _DEBUG /D _USRDLL /D _WINDLL /D _UNICODE /D UNICODE /D _AFXDLL /Gm /EHsc /RTC1 /MDd /GS /fp:precise /Zc:wchar_t /Zc:forScope /Yc"StdAfx.h" /Fp"Debug\OpenFileFinder.pch" /Fo"Debug\\" /Fd"Debug\vc100.pdb" /Gd /TP /analyze- /errorReport:prompt stdafx.cpp
         stdafx.cpp
         C:\Program Files\Microsoft Visual Studio 10.0\VC\bin\CL.exe /c /ZI /nologo /W3 /WX- /Od /Oy- /D WIN32 /D _WINDOWS /D _DEBUG /D _USRDLL /D _WINDLL /D _UNICODE /D UNICODE /D _AFXDLL /Gm /EHsc /RTC1 /MDd /GS /fp:precise /Zc:wchar_t /Zc:forScope /Yu"StdAfx.h" /Fp"Debug\OpenFileFinder.pch" /Fo"Debug\\" /Fd"Debug\vc100.pdb" /Gd /TP /analyze- /errorReport:prompt InterFaceCls.cpp Main.cpp OpenedFiles.cpp OpenFileFinder.cpp Utils.cpp
         Utils.cpp
         OpenFileFinder.cpp
         OpenedFiles.cpp
         Main.cpp
     1>c:\users\34v7\anti-ransomware\openfilefind\openfilefinder\openfilefinder\main.cpp(22): warning C4996: 'fopen': This function or variable may be unsafe. Consider using fopen_s instead. To disable deprecation, use _CRT_SECURE_NO_WARNINGS. See online help for details.
                 c:\program files\microsoft visual studio 10.0\vc\include\stdio.h(234) : see declaration of 'fopen'
     1>c:\users\34v7\anti-ransomware\openfilefind\openfilefinder\openfilefinder\main.cpp(77): warning C4996: 'fopen': This function or variable may be unsafe. Consider using fopen_s instead. To disable deprecation, use _CRT_SECURE_NO_WARNINGS. See online help for details.
                 c:\program files\microsoft visual studio 10.0\vc\include\stdio.h(234) : see declaration of 'fopen'
     1>c:\users\34v7\anti-ransomware\openfilefind\openfilefinder\openfilefinder\main.cpp(79): warning C4996: 'sprintf': This function or variable may be unsafe. Consider using sprintf_s instead. To disable deprecation, use _CRT_SECURE_NO_WARNINGS. See online help for details.
                 c:\program files\microsoft visual studio 10.0\vc\include\stdio.h(371) : see declaration of 'sprintf'
         InterFaceCls.cpp
         Generating Code...
         C:\Program Files\Microsoft Visual Studio 10.0\VC\bin\CL.exe /c /ZI /nologo /W3 /WX- /Od /Oy- /D WIN32 /D _WINDOWS /D _DEBUG /D _USRDLL /D _WINDLL /D _UNICODE /D UNICODE /D _AFXDLL /Gm /EHsc /RTC1 /MDd /GS /fp:precise /Zc:wchar_t /Zc:forScope /Fo"Debug\\" /Fd"Debug\vc100.pdb" /Gd /TC /analyze- /errorReport:prompt OpenFileFinder_i.c
         OpenFileFinder_i.c
       ManifestResourceCompile:
         C:\Program Files\Microsoft SDKs\Windows\v7.0A\bin\rc.exe /nologo /fo"Debug\OpenFileFinder.dll.embed.manifest.res" Debug\OpenFileFinder_manifest.rc 
       Link:
         C:\Program Files\Microsoft Visual Studio 10.0\VC\bin\link.exe /ERRORREPORT:PROMPT /OUT:"..\bin\win64\debug\OpenFileFinder.dll" /INCREMENTAL /NOLOGO Psapi.lib /DEF:".\OpenFileFinder.def" /MANIFEST /ManifestFile:"Debug\OpenFileFinder.dll.intermediate.manifest" /MANIFESTUAC:"level='requireAdministrator' uiAccess='false'" /DEBUG /PDB:"C:\Users\34v7\Anti-Ransomware\OpenFileFind\OpenFileFinder\bin\win64\debug\OpenFileFinder.pdb" /SUBSYSTEM:WINDOWS /TLBID:1 /DYNAMICBASE /NXCOMPAT /IMPLIB:"..\lib\win32\debug\OpenFileFinder.lib" /MACHINE:X86 /DLL Debug\OpenFileFinder.dll.embed.manifest.res
         Debug\InterFaceCls.obj
         Debug\Main.obj
         Debug\OpenedFiles.obj
         Debug\OpenFileFinder.obj
         Debug\stdafx.obj
         Debug\Utils.obj
         Debug\OpenFileFinder_i.obj
            Creating library ..\lib\win32\debug\OpenFileFinder.lib and object ..\lib\win32\debug\OpenFileFinder.exp
       Manifest:
         Deleting file "Debug\OpenFileFinder.dll.embed.manifest".
         C:\Program Files\Microsoft SDKs\Windows\v7.0A\bin\mt.exe /nologo /verbose /out:"Debug\OpenFileFinder.dll.embed.manifest" /manifest Debug\OpenFileFinder.dll.intermediate.manifest "C:\Users\34v7\Anti-Ransomware\OpenFileFind\OpenFileFinder\OpenFileFinder\\res\OpenFileFinder.manifest" "C:\Program Files\Microsoft Visual Studio 10.0\VC\Include\Manifest\dpiaware.manifest"
         C:\Program Files\Microsoft SDKs\Windows\v7.0A\bin\rc.exe /nologo /fo"Debug\OpenFileFinder.dll.embed.manifest.res" Debug\OpenFileFinder_manifest.rc 
       LinkEmbedManifest:
         C:\Program Files\Microsoft Visual Studio 10.0\VC\bin\link.exe /ERRORREPORT:PROMPT /OUT:"..\bin\win64\debug\OpenFileFinder.dll" /INCREMENTAL /NOLOGO Psapi.lib /DEF:".\OpenFileFinder.def" /MANIFEST /ManifestFile:"Debug\OpenFileFinder.dll.intermediate.manifest" /MANIFESTUAC:"level='requireAdministrator' uiAccess='false'" /DEBUG /PDB:"C:\Users\34v7\Anti-Ransomware\OpenFileFind\OpenFileFinder\bin\win64\debug\OpenFileFinder.pdb" /SUBSYSTEM:WINDOWS /TLBID:1 /DYNAMICBASE /NXCOMPAT /IMPLIB:"..\lib\win32\debug\OpenFileFinder.lib" /MACHINE:X86 /DLL Debug\OpenFileFinder.dll.embed.manifest.res
         Debug\InterFaceCls.obj
         Debug\Main.obj
         Debug\OpenedFiles.obj
         Debug\OpenFileFinder.obj
         Debug\stdafx.obj
         Debug\Utils.obj
         Debug\OpenFileFinder_i.obj
            Creating library ..\lib\win32\debug\OpenFileFinder.lib and object ..\lib\win32\debug\OpenFileFinder.exp
         OpenFileFinder.vcxproj -> C:\Users\34v7\Anti-Ransomware\OpenFileFind\OpenFileFinder\OpenFileFinder\..\bin\win64\debug\OpenFileFinder.dll
       RegisterOutput:
         regsvr32 /s "..\bin\win64\debug\OpenFileFinder.dll"
       PostBuildEvent:
         regsvr32 /s ..\bin\win64\debug\OpenFileFinder.dll
         :VCEnd
       FinalizeBuildStatus:
         Deleting file "Debug\OpenFileFinder.unsuccessfulbuild".
         Touching "Debug\OpenFileFinder.lastbuildstate".
     1>Done Building Project "C:\Users\34v7\Anti-Ransomware\OpenFileFind\OpenFileFinder\OpenFileFinder\OpenFileFinder.vcxproj" (rebuild target(s)).

Build succeeded.

Time Elapsed 00:00:03.96
