  Processing .\OpenFileFinder.idl
  OpenFileFinder.idl
  Processing C:\Program Files (x86)\Windows Kits\8.1\Include\um\oaidl.idl
  oaidl.idl
  Processing C:\Program Files (x86)\Windows Kits\8.1\Include\um\objidl.idl
  objidl.idl
  Processing C:\Program Files (x86)\Windows Kits\8.1\Include\um\unknwn.idl
  unknwn.idl
  Processing C:\Program Files (x86)\Windows Kits\8.1\Include\shared\wtypes.idl
  wtypes.idl
  Processing C:\Program Files (x86)\Windows Kits\8.1\Include\shared\wtypesbase.idl
  wtypesbase.idl
  Processing C:\Program Files (x86)\Windows Kits\8.1\Include\shared\basetsd.h
  basetsd.h
  Processing C:\Program Files (x86)\Windows Kits\8.1\Include\shared\guiddef.h
  guiddef.h
  Processing C:\Program Files (x86)\Windows Kits\8.1\Include\um\ocidl.idl
  ocidl.idl
  Processing C:\Program Files (x86)\Windows Kits\8.1\Include\um\oleidl.idl
  oleidl.idl
  Processing C:\Program Files (x86)\Windows Kits\8.1\Include\um\servprov.idl
  servprov.idl
  Processing C:\Program Files (x86)\Windows Kits\8.1\Include\um\urlmon.idl
  urlmon.idl
  Processing C:\Program Files (x86)\Windows Kits\8.1\Include\um\msxml.idl
  msxml.idl
  Processing C:\Program Files (x86)\Windows Kits\8.1\Include\um\oaidl.acf
  oaidl.acf
  Processing C:\Program Files (x86)\Windows Kits\8.1\Include\um\ocidl.acf
  ocidl.acf
  stdafx.cpp
  Utils.cpp
  TCP_Client.cpp
c:\users\xxnoa\documents\github\anti-ransomware\application\openfilefind\openfilefinder\openfilefinder\tcp_client.cpp(33): warning C4996: 'inet_addr': Use inet_pton() or InetPton() instead or define _WINSOCK_DEPRECATED_NO_WARNINGS to disable deprecated API warnings
  c:\program files (x86)\windows kits\8.1\include\um\winsock2.h(1850): note: see declaration of 'inet_addr'
  OpenFileFinder.cpp
c:\users\xxnoa\documents\github\anti-ransomware\application\openfilefind\openfilefinder\openfilefinder\openfilefinder.cpp(88): warning C4996: 'GetVersionExW': was declared deprecated
  c:\program files (x86)\windows kits\8.1\include\um\sysinfoapi.h(442): note: see declaration of 'GetVersionExW'
  OpenedFiles.cpp
c:\users\xxnoa\documents\github\anti-ransomware\application\openfilefind\openfilefinder\openfilefinder\openedfiles.cpp(111): warning C4996: 'GetVersionExW': was declared deprecated
  c:\program files (x86)\windows kits\8.1\include\um\sysinfoapi.h(442): note: see declaration of 'GetVersionExW'
  Main.cpp
c:\users\xxnoa\documents\github\anti-ransomware\application\openfilefind\openfilefinder\openfilefinder\main.cpp(26): warning C4101: 'mes': unreferenced local variable
c:\users\xxnoa\documents\github\anti-ransomware\application\openfilefind\openfilefinder\openfilefinder\main.cpp(25): warning C4101: 't': unreferenced local variable
c:\users\xxnoa\documents\github\anti-ransomware\application\openfilefind\openfilefinder\openfilefinder\main.cpp(83): warning C4996: 'wcstombs': This function or variable may be unsafe. Consider using wcstombs_s instead. To disable deprecation, use _CRT_SECURE_NO_WARNINGS. See online help for details.
  c:\program files (x86)\windows kits\10\include\10.0.10240.0\ucrt\stdlib.h(1008): note: see declaration of 'wcstombs'
c:\users\xxnoa\documents\github\anti-ransomware\application\openfilefind\openfilefinder\openfilefinder\main.cpp(86): warning C4996: 'wcstombs': This function or variable may be unsafe. Consider using wcstombs_s instead. To disable deprecation, use _CRT_SECURE_NO_WARNINGS. See online help for details.
  c:\program files (x86)\windows kits\10\include\10.0.10240.0\ucrt\stdlib.h(1008): note: see declaration of 'wcstombs'
c:\users\xxnoa\documents\github\anti-ransomware\application\openfilefind\openfilefinder\openfilefinder\main.cpp(88): warning C4996: 'sprintf': This function or variable may be unsafe. Consider using sprintf_s instead. To disable deprecation, use _CRT_SECURE_NO_WARNINGS. See online help for details.
  c:\program files (x86)\windows kits\10\include\10.0.10240.0\ucrt\stdio.h(1769): note: see declaration of 'sprintf'
  InterFaceCls.cpp
  Generating Code...
  OpenFileFinder_i.c
InterFaceCls.obj : warning LNK4075: ignoring '/EDITANDCONTINUE' due to '/SAFESEH' specification
     Creating library ..\lib\win32\debug\OpenFileFinder.lib and object ..\lib\win32\debug\OpenFileFinder.exp
  OpenFileFinder.vcxproj -> C:\Users\xXNoa\Documents\GitHub\Anti-Ransomware\Application\OpenFileFind\OpenFileFinder\OpenFileFinder\..\bin\win64\debug\OpenFileFinder.dll
C:\Program Files (x86)\MSBuild\Microsoft.Cpp\v4.0\V140\Microsoft.CppCommon.targets(1745,5): warning MSB3075: The command "regsvr32 /s "..\bin\win64\debug\OpenFileFinder.dll"" exited with code 5. Please verify that you have sufficient rights to run this command.
C:\Program Files (x86)\MSBuild\Microsoft.Cpp\v4.0\V140\Microsoft.CppCommon.targets(1757,5): error MSB8011: Failed to register output. Please try enabling Per-user Redirection or register the component from a command prompt with elevated permissions.
