c:\users\xxnoa\documents\github\anti-ransomware\application\openfilefind\openfilefinder\openfilefinder\debug\openfilefinder.pch
c:\users\xxnoa\documents\github\anti-ransomware\application\openfilefind\openfilefinder\openfilefinder\debug\vc140.pdb
c:\users\xxnoa\documents\github\anti-ransomware\application\openfilefind\openfilefinder\openfilefinder\debug\vc140.idb
c:\users\xxnoa\documents\github\anti-ransomware\application\openfilefind\openfilefinder\openfilefinder\debug\stdafx.obj
c:\users\xxnoa\documents\github\anti-ransomware\application\openfilefind\openfilefinder\openfilefinder\debug\interfacecls.obj
c:\users\xxnoa\documents\github\anti-ransomware\application\openfilefind\openfilefinder\openfilefinder\debug\main.obj
c:\users\xxnoa\documents\github\anti-ransomware\application\openfilefind\openfilefinder\openfilefinder\debug\openedfiles.obj
c:\users\xxnoa\documents\github\anti-ransomware\application\openfilefind\openfilefinder\openfilefinder\debug\openfilefinder.obj
c:\users\xxnoa\documents\github\anti-ransomware\application\openfilefind\openfilefinder\openfilefinder\debug\tcp_client.obj
c:\users\xxnoa\documents\github\anti-ransomware\application\openfilefind\openfilefinder\openfilefinder\debug\utils.obj
c:\users\xxnoa\documents\github\anti-ransomware\application\openfilefind\openfilefinder\openfilefinder\debug\openfilefinder_i.obj
c:\users\xxnoa\documents\github\anti-ransomware\application\openfilefind\openfilefinder\bin\win64\debug\openfilefinder.ilk
c:\users\xxnoa\documents\github\anti-ransomware\application\openfilefind\openfilefinder\bin\win64\debug\openfilefinder.dll
c:\users\xxnoa\documents\github\anti-ransomware\application\openfilefind\openfilefinder\bin\win64\debug\openfilefinder.pdb
c:\users\xxnoa\documents\github\anti-ransomware\application\openfilefind\openfilefinder\openfilefinder\debug\openfilefinder.tlb
c:\users\xxnoa\documents\github\anti-ransomware\application\openfilefind\openfilefinder\openfilefinder\openfilefinder_p.c
c:\users\xxnoa\documents\github\anti-ransomware\application\openfilefind\openfilefinder\openfilefinder\openfilefinder_i.c
c:\users\xxnoa\documents\github\anti-ransomware\application\openfilefind\openfilefinder\openfilefinder\openfilefinder.h
c:\users\xxnoa\documents\github\anti-ransomware\application\openfilefind\openfilefinder\lib\win32\debug\openfilefinder.lib
c:\users\xxnoa\documents\github\anti-ransomware\application\openfilefind\openfilefinder\lib\win32\debug\openfilefinder.exp
c:\users\xxnoa\documents\github\anti-ransomware\application\openfilefind\openfilefinder\openfilefinder\..\bin\win64\debug\openfilefinder.dll
c:\users\xxnoa\documents\github\anti-ransomware\application\openfilefind\openfilefinder\openfilefinder\debug\openfilefinder.tlog\cl.command.1.tlog
c:\users\xxnoa\documents\github\anti-ransomware\application\openfilefind\openfilefinder\openfilefinder\debug\openfilefinder.tlog\cl.read.1.tlog
c:\users\xxnoa\documents\github\anti-ransomware\application\openfilefind\openfilefinder\openfilefinder\debug\openfilefinder.tlog\cl.write.1.tlog
c:\users\xxnoa\documents\github\anti-ransomware\application\openfilefind\openfilefinder\openfilefinder\debug\openfilefinder.tlog\link.command.1.tlog
c:\users\xxnoa\documents\github\anti-ransomware\application\openfilefind\openfilefinder\openfilefinder\debug\openfilefinder.tlog\link.read.1.tlog
c:\users\xxnoa\documents\github\anti-ransomware\application\openfilefind\openfilefinder\openfilefinder\debug\openfilefinder.tlog\link.write.1.tlog
c:\users\xxnoa\documents\github\anti-ransomware\application\openfilefind\openfilefinder\openfilefinder\debug\openfilefinder.tlog\midl.command.1.tlog
c:\users\xxnoa\documents\github\anti-ransomware\application\openfilefind\openfilefinder\openfilefinder\debug\openfilefinder.tlog\midl.read.1.tlog
c:\users\xxnoa\documents\github\anti-ransomware\application\openfilefind\openfilefinder\openfilefinder\debug\openfilefinder.tlog\midl.write.1.tlog
c:\users\xxnoa\documents\github\anti-ransomware\application\openfilefind\openfilefinder\openfilefinder\debug\openfilefinder.tlog\openfilefinder.write.1u.tlog
