..\bin\win32\debug\LaunchHelper.pdb
C:\USERS\34V7\ANTI-RANSOMWARE\OPENFILEFIND\OPENFILEFINDER\BIN\WIN32\DEBUG\LAUNCHHELPER.PDB
C:\USERS\34V7\ANTI-RANSOMWARE\OPENFILEFIND\OPENFILEFINDER\BIN\WIN32\DEBUG\OPENFILEFINDER.EXE
C:\USERS\34V7\ANTI-RANSOMWARE\OPENFILEFIND\OPENFILEFINDER\BIN\WIN32\DEBUG\OPENFILEFINDER.ILK
C:\Users\34v7\Anti-Ransomware\OpenFileFind\OpenFileFinder\LaunchHelper\Debug\cl.command.1.tlog
C:\Users\34v7\Anti-Ransomware\OpenFileFind\OpenFileFinder\LaunchHelper\Debug\CL.read.1.tlog
C:\Users\34v7\Anti-Ransomware\OpenFileFind\OpenFileFinder\LaunchHelper\Debug\CL.write.1.tlog
C:\USERS\34V7\ANTI-RANSOMWARE\OPENFILEFIND\OPENFILEFINDER\LAUNCHHELPER\DEBUG\LAUNCHHELPER.EXE.EMBED.MANIFEST
C:\USERS\34V7\ANTI-RANSOMWARE\OPENFILEFIND\OPENFILEFINDER\LAUNCHHELPER\DEBUG\LAUNCHHELPER.EXE.EMBED.MANIFEST.RES
C:\USERS\34V7\ANTI-RANSOMWARE\OPENFILEFIND\OPENFILEFINDER\LAUNCHHELPER\DEBUG\LAUNCHHELPER.EXE.INTERMEDIATE.MANIFEST
C:\USERS\34V7\ANTI-RANSOMWARE\OPENFILEFIND\OPENFILEFINDER\LAUNCHHELPER\DEBUG\LAUNCHHELPER.OBJ
C:\USERS\34V7\ANTI-RANSOMWARE\OPENFILEFIND\OPENFILEFINDER\LAUNCHHELPER\DEBUG\LAUNCHHELPER.RES
C:\Users\34v7\Anti-Ransomware\OpenFileFind\OpenFileFinder\LaunchHelper\Debug\LaunchHelper.write.1.tlog
C:\Users\34v7\Anti-Ransomware\OpenFileFind\OpenFileFinder\LaunchHelper\Debug\LaunchHelper_manifest.rc
C:\Users\34v7\Anti-Ransomware\OpenFileFind\OpenFileFinder\LaunchHelper\Debug\link.command.1.tlog
C:\Users\34v7\Anti-Ransomware\OpenFileFind\OpenFileFinder\LaunchHelper\Debug\link.read.1.tlog
C:\Users\34v7\Anti-Ransomware\OpenFileFind\OpenFileFinder\LaunchHelper\Debug\link.write.1.tlog
C:\Users\34v7\Anti-Ransomware\OpenFileFind\OpenFileFinder\LaunchHelper\Debug\link-cvtres.read.1.tlog
C:\Users\34v7\Anti-Ransomware\OpenFileFind\OpenFileFinder\LaunchHelper\Debug\link-cvtres.write.1.tlog
C:\Users\34v7\Anti-Ransomware\OpenFileFind\OpenFileFinder\LaunchHelper\Debug\mt.command.1.tlog
C:\Users\34v7\Anti-Ransomware\OpenFileFind\OpenFileFinder\LaunchHelper\Debug\mt.read.1.tlog
C:\Users\34v7\Anti-Ransomware\OpenFileFind\OpenFileFinder\LaunchHelper\Debug\mt.write.1.tlog
C:\Users\34v7\Anti-Ransomware\OpenFileFind\OpenFileFinder\LaunchHelper\Debug\rc.command.1.tlog
C:\Users\34v7\Anti-Ransomware\OpenFileFind\OpenFileFinder\LaunchHelper\Debug\rc.read.1.tlog
C:\Users\34v7\Anti-Ransomware\OpenFileFind\OpenFileFinder\LaunchHelper\Debug\rc.write.1.tlog
C:\Users\34v7\Anti-Ransomware\OpenFileFind\OpenFileFinder\LaunchHelper\Debug\vc100.idb
C:\USERS\34V7\ANTI-RANSOMWARE\OPENFILEFIND\OPENFILEFINDER\LAUNCHHELPER\DEBUG\VC100.PDB
